  AdjustMiddleButton.cpp
  Animation.cpp
Animation.cpp(17): warning C4018: '>=' : signed/unsigned mismatch
  Button.cpp
Button.cpp(5): warning C4305: 'argument' : truncation from 'double' to 'float'
Button.cpp(10): warning C4305: 'argument' : truncation from 'double' to 'float'
  Entity.cpp
c:\users\carl\source\repos\livingneuralnets\neuralnet\CoordinateManager.hpp(6): warning C4244: 'return' : conversion from 'double' to 'float', possible loss of data
c:\users\carl\source\repos\livingneuralnets\neuralnet\CoordinateManager.hpp(7): warning C4244: 'return' : conversion from 'double' to 'float', possible loss of data
  EntityContainer.cpp
c:\users\carl\source\repos\livingneuralnets\neuralnet\CoordinateManager.hpp(6): warning C4244: 'return' : conversion from 'double' to 'float', possible loss of data
c:\users\carl\source\repos\livingneuralnets\neuralnet\CoordinateManager.hpp(7): warning C4244: 'return' : conversion from 'double' to 'float', possible loss of data
EntityContainer.cpp(16): warning C4018: '<' : signed/unsigned mismatch
EntityContainer.cpp(24): warning C4018: '<' : signed/unsigned mismatch
EntityContainer.cpp(42): warning C4018: '<' : signed/unsigned mismatch
  Kelp.cpp
c:\users\carl\source\repos\livingneuralnets\neuralnet\CoordinateManager.hpp(6): warning C4244: 'return' : conversion from 'double' to 'float', possible loss of data
c:\users\carl\source\repos\livingneuralnets\neuralnet\CoordinateManager.hpp(7): warning C4244: 'return' : conversion from 'double' to 'float', possible loss of data
Kelp.cpp(16): warning C4244: 'argument' : conversion from 'unsigned int' to 'float', possible loss of data
Kelp.cpp(16): warning C4244: 'argument' : conversion from 'unsigned int' to 'float', possible loss of data
Kelp.cpp(29): warning C4244: 'argument' : conversion from 'int' to 'float', possible loss of data
Kelp.cpp(29): warning C4244: 'argument' : conversion from 'int' to 'float', possible loss of data
Kelp.cpp(31): warning C4244: 'argument' : conversion from 'unsigned int' to 'float', possible loss of data
Kelp.cpp(31): warning C4244: 'argument' : conversion from 'unsigned int' to 'float', possible loss of data
Kelp.cpp(33): warning C4244: 'argument' : conversion from 'int' to 'float', possible loss of data
Kelp.cpp(33): warning C4244: 'argument' : conversion from 'int' to 'float', possible loss of data
  Math.cpp
NeuralNetwork\Math.cpp(10): warning C4800: 'int' : forcing value to bool 'true' or 'false' (performance warning)
NeuralNetwork\Math.cpp(15): warning C4800: 'int' : forcing value to bool 'true' or 'false' (performance warning)
NeuralNetwork\Math.cpp(60): warning C4800: 'int' : forcing value to bool 'true' or 'false' (performance warning)
  NeuralNetwork.cpp
NeuralNetwork\NeuralNetwork.cpp(19): warning C4018: '<' : signed/unsigned mismatch
NeuralNetwork\NeuralNetwork.cpp(21): warning C4018: '<' : signed/unsigned mismatch
NeuralNetwork\NeuralNetwork.cpp(23): warning C4018: '<' : signed/unsigned mismatch
NeuralNetwork\NeuralNetwork.cpp(31): warning C4018: '<' : signed/unsigned mismatch
NeuralNetwork\NeuralNetwork.cpp(39): warning C4018: '<' : signed/unsigned mismatch
NeuralNetwork\NeuralNetwork.cpp(41): warning C4018: '<' : signed/unsigned mismatch
NeuralNetwork\NeuralNetwork.cpp(52): warning C4018: '<' : signed/unsigned mismatch
NeuralNetwork\NeuralNetwork.cpp(54): warning C4018: '<' : signed/unsigned mismatch
NeuralNetwork\NeuralNetwork.cpp(76): warning C4018: '<' : signed/unsigned mismatch
NeuralNetwork\NeuralNetwork.cpp(80): warning C4018: '<' : signed/unsigned mismatch
NeuralNetwork\NeuralNetwork.cpp(84): warning C4018: '<' : signed/unsigned mismatch
NeuralNetwork\NeuralNetwork.cpp(93): warning C4018: '<' : signed/unsigned mismatch
NeuralNetwork\NeuralNetwork.cpp(97): warning C4018: '<' : signed/unsigned mismatch
NeuralNetwork\NeuralNetwork.cpp(101): warning C4018: '<' : signed/unsigned mismatch
  Neuron.cpp
  Population.cpp
c:\users\carl\source\repos\livingneuralnets\neuralnet\CoordinateManager.hpp(6): warning C4244: 'return' : conversion from 'double' to 'float', possible loss of data
c:\users\carl\source\repos\livingneuralnets\neuralnet\CoordinateManager.hpp(7): warning C4244: 'return' : conversion from 'double' to 'float', possible loss of data
c:\users\carl\source\repos\livingneuralnets\neuralnet\neuralnetwork\../Monster.hpp(16): warning C4305: 'initializing' : truncation from 'double' to 'const float'
c:\users\carl\source\repos\livingneuralnets\neuralnet\neuralnetwork\../Monster.hpp(17): warning C4305: 'initializing' : truncation from 'double' to 'const float'
NeuralNetwork\Population.cpp(26): warning C4018: '<' : signed/unsigned mismatch
NeuralNetwork\Population.cpp(37): warning C4018: '>=' : signed/unsigned mismatch
NeuralNetwork\Population.cpp(46): warning C4244: 'initializing' : conversion from 'unsigned __int64' to 'long double', possible loss of data
NeuralNetwork\Population.cpp(72): warning C4018: '<' : signed/unsigned mismatch
NeuralNetwork\Population.cpp(81): warning C4018: '<' : signed/unsigned mismatch
NeuralNetwork\Population.cpp(97): warning C4018: '<' : signed/unsigned mismatch
NeuralNetwork\Population.cpp(214): warning C4018: '<' : signed/unsigned mismatch
NeuralNetwork\Population.cpp(263): warning C4244: '=' : conversion from 'unsigned __int64' to 'double', possible loss of data
NeuralNetwork\Population.cpp(275): warning C4244: '=' : conversion from 'unsigned __int64' to 'double', possible loss of data
NeuralNetwork\Population.cpp(288): warning C4244: '=' : conversion from 'unsigned __int64' to 'double', possible loss of data
NeuralNetwork\Population.cpp(301): warning C4244: '=' : conversion from 'unsigned __int64' to 'double', possible loss of data
NeuralNetwork\Population.cpp(343): warning C4018: '<' : signed/unsigned mismatch
NeuralNetwork\Population.cpp(358): warning C4018: '<' : signed/unsigned mismatch
  Plant.cpp
c:\users\carl\source\repos\livingneuralnets\neuralnet\CoordinateManager.hpp(6): warning C4244: 'return' : conversion from 'double' to 'float', possible loss of data
c:\users\carl\source\repos\livingneuralnets\neuralnet\CoordinateManager.hpp(7): warning C4244: 'return' : conversion from 'double' to 'float', possible loss of data
Plant.cpp(15): warning C4244: 'argument' : conversion from 'unsigned int' to 'float', possible loss of data
Plant.cpp(15): warning C4244: 'argument' : conversion from 'unsigned int' to 'float', possible loss of data
Plant.cpp(28): warning C4244: 'argument' : conversion from 'int' to 'float', possible loss of data
Plant.cpp(28): warning C4244: 'argument' : conversion from 'int' to 'float', possible loss of data
Plant.cpp(29): warning C4244: 'argument' : conversion from 'unsigned int' to 'float', possible loss of data
Plant.cpp(29): warning C4244: 'argument' : conversion from 'unsigned int' to 'float', possible loss of data
  PlantContainer.cpp
c:\users\carl\source\repos\livingneuralnets\neuralnet\CoordinateManager.hpp(6): warning C4244: 'return' : conversion from 'double' to 'float', possible loss of data
c:\users\carl\source\repos\livingneuralnets\neuralnet\CoordinateManager.hpp(7): warning C4244: 'return' : conversion from 'double' to 'float', possible loss of data
PlantContainer.cpp(21): warning C4018: '<' : signed/unsigned mismatch
PlantContainer.cpp(40): warning C4018: '>=' : signed/unsigned mismatch
PlantContainer.cpp(63): warning C4018: '<' : signed/unsigned mismatch
PlantContainer.cpp(69): warning C4018: '<' : signed/unsigned mismatch
PlantContainer.cpp(78): warning C4018: '<' : signed/unsigned mismatch
PlantContainer.cpp(91): warning C4018: '<' : signed/unsigned mismatch
  RamachandraPopulation.cpp
c:\users\carl\source\repos\livingneuralnets\neuralnet\CoordinateManager.hpp(6): warning C4244: 'return' : conversion from 'double' to 'float', possible loss of data
c:\users\carl\source\repos\livingneuralnets\neuralnet\CoordinateManager.hpp(7): warning C4244: 'return' : conversion from 'double' to 'float', possible loss of data
c:\users\carl\source\repos\livingneuralnets\neuralnet\neuralnetwork\../Monster.hpp(16): warning C4305: 'initializing' : truncation from 'double' to 'const float'
c:\users\carl\source\repos\livingneuralnets\neuralnet\neuralnetwork\../Monster.hpp(17): warning C4305: 'initializing' : truncation from 'double' to 'const float'
  Sight.cpp
c:\users\carl\source\repos\livingneuralnets\neuralnet\CoordinateManager.hpp(6): warning C4244: 'return' : conversion from 'double' to 'float', possible loss of data
c:\users\carl\source\repos\livingneuralnets\neuralnet\CoordinateManager.hpp(7): warning C4244: 'return' : conversion from 'double' to 'float', possible loss of data
Sight.cpp(58): warning C4244: '-=' : conversion from 'double' to 'float32', possible loss of data
Sight.cpp(58): warning C4244: '+=' : conversion from 'double' to 'float32', possible loss of data
Sight.cpp(60): warning C4244: '+=' : conversion from 'double' to 'float32', possible loss of data
Sight.cpp(60): warning C4244: '-=' : conversion from 'double' to 'float32', possible loss of data
Sight.cpp(109): warning C4244: '*=' : conversion from 'double' to 'float32', possible loss of data
Sight.cpp(109): warning C4244: '*=' : conversion from 'double' to 'float32', possible loss of data
  Simulation.cpp
c:\users\carl\source\repos\livingneuralnets\neuralnet\CoordinateManager.hpp(6): warning C4244: 'return' : conversion from 'double' to 'float', possible loss of data
c:\users\carl\source\repos\livingneuralnets\neuralnet\CoordinateManager.hpp(7): warning C4244: 'return' : conversion from 'double' to 'float', possible loss of data
c:\users\carl\source\repos\livingneuralnets\neuralnet\Monster.hpp(16): warning C4305: 'initializing' : truncation from 'double' to 'const float'
c:\users\carl\source\repos\livingneuralnets\neuralnet\Monster.hpp(17): warning C4305: 'initializing' : truncation from 'double' to 'const float'
Simulation.cpp(219): warning C4244: 'argument' : conversion from 'unsigned int' to 'float', possible loss of data
Simulation.cpp(219): warning C4244: 'argument' : conversion from 'unsigned int' to 'float', possible loss of data
Simulation.cpp(225): warning C4244: 'argument' : conversion from 'unsigned int' to 'float', possible loss of data
Simulation.cpp(225): warning C4244: 'argument' : conversion from 'unsigned int' to 'float', possible loss of data
Simulation.cpp(244): warning C4305: 'argument' : truncation from 'double' to 'float'
Simulation.cpp(253): warning C4305: 'argument' : truncation from 'double' to 'float'
  main.cpp
c:\users\carl\source\repos\livingneuralnets\neuralnet\CoordinateManager.hpp(6): warning C4244: 'return' : conversion from 'double' to 'float', possible loss of data
c:\users\carl\source\repos\livingneuralnets\neuralnet\CoordinateManager.hpp(7): warning C4244: 'return' : conversion from 'double' to 'float', possible loss of data
c:\users\carl\source\repos\livingneuralnets\neuralnet\Monster.hpp(16): warning C4305: 'initializing' : truncation from 'double' to 'const float'
c:\users\carl\source\repos\livingneuralnets\neuralnet\Monster.hpp(17): warning C4305: 'initializing' : truncation from 'double' to 'const float'
  MainMenu.cpp
c:\users\carl\source\repos\livingneuralnets\neuralnet\CoordinateManager.hpp(6): warning C4244: 'return' : conversion from 'double' to 'float', possible loss of data
c:\users\carl\source\repos\livingneuralnets\neuralnet\CoordinateManager.hpp(7): warning C4244: 'return' : conversion from 'double' to 'float', possible loss of data
c:\users\carl\source\repos\livingneuralnets\neuralnet\Monster.hpp(16): warning C4305: 'initializing' : truncation from 'double' to 'const float'
c:\users\carl\source\repos\livingneuralnets\neuralnet\Monster.hpp(17): warning C4305: 'initializing' : truncation from 'double' to 'const float'
MainMenu.cpp(70): warning C4244: 'argument' : conversion from 'unsigned int' to 'float', possible loss of data
MainMenu.cpp(70): warning C4244: 'argument' : conversion from 'unsigned int' to 'float', possible loss of data
  Map.cpp
c:\users\carl\source\repos\livingneuralnets\neuralnet\CoordinateManager.hpp(6): warning C4244: 'return' : conversion from 'double' to 'float', possible loss of data
c:\users\carl\source\repos\livingneuralnets\neuralnet\CoordinateManager.hpp(7): warning C4244: 'return' : conversion from 'double' to 'float', possible loss of data
Map.cpp(14): warning C4244: 'argument' : conversion from 'int' to 'float', possible loss of data
Map.cpp(15): warning C4244: 'argument' : conversion from 'int' to 'float', possible loss of data
Map.cpp(16): warning C4244: 'argument' : conversion from 'int' to 'float', possible loss of data
Map.cpp(17): warning C4244: 'argument' : conversion from 'int' to 'float', possible loss of data
Map.cpp(76): warning C4244: '=' : conversion from 'int' to 'float32', possible loss of data
Map.cpp(76): warning C4244: '=' : conversion from 'int' to 'float32', possible loss of data
Map.cpp(77): warning C4244: '=' : conversion from 'int' to 'float32', possible loss of data
Map.cpp(77): warning C4244: '=' : conversion from 'int' to 'float32', possible loss of data
  Monster.cpp
c:\users\carl\source\repos\livingneuralnets\neuralnet\CoordinateManager.hpp(6): warning C4244: 'return' : conversion from 'double' to 'float', possible loss of data
c:\users\carl\source\repos\livingneuralnets\neuralnet\CoordinateManager.hpp(7): warning C4244: 'return' : conversion from 'double' to 'float', possible loss of data
c:\users\carl\source\repos\livingneuralnets\neuralnet\Monster.hpp(16): warning C4305: 'initializing' : truncation from 'double' to 'const float'
c:\users\carl\source\repos\livingneuralnets\neuralnet\Monster.hpp(17): warning C4305: 'initializing' : truncation from 'double' to 'const float'
Monster.cpp(18): warning C4244: 'argument' : conversion from 'unsigned int' to 'float', possible loss of data
Monster.cpp(18): warning C4244: 'argument' : conversion from 'unsigned int' to 'float', possible loss of data
Monster.cpp(34): warning C4244: 'argument' : conversion from 'int' to 'float', possible loss of data
Monster.cpp(34): warning C4244: 'argument' : conversion from 'int' to 'float', possible loss of data
Monster.cpp(35): warning C4244: 'argument' : conversion from 'unsigned int' to 'float', possible loss of data
Monster.cpp(35): warning C4244: 'argument' : conversion from 'unsigned int' to 'float', possible loss of data
Monster.cpp(63): warning C4244: 'argument' : conversion from 'double' to 'float32', possible loss of data
  Ramachandra.cpp
c:\users\carl\source\repos\livingneuralnets\neuralnet\CoordinateManager.hpp(6): warning C4244: 'return' : conversion from 'double' to 'float', possible loss of data
c:\users\carl\source\repos\livingneuralnets\neuralnet\CoordinateManager.hpp(7): warning C4244: 'return' : conversion from 'double' to 'float', possible loss of data
c:\users\carl\source\repos\livingneuralnets\neuralnet\Monster.hpp(16): warning C4305: 'initializing' : truncation from 'double' to 'const float'
c:\users\carl\source\repos\livingneuralnets\neuralnet\Monster.hpp(17): warning C4305: 'initializing' : truncation from 'double' to 'const float'
Ramachandra.cpp(14): warning C4244: 'argument' : conversion from 'unsigned int' to 'float', possible loss of data
Ramachandra.cpp(14): warning C4244: 'argument' : conversion from 'unsigned int' to 'float', possible loss of data
Ramachandra.cpp(32): warning C4244: 'argument' : conversion from 'int' to 'float', possible loss of data
Ramachandra.cpp(32): warning C4244: 'argument' : conversion from 'int' to 'float', possible loss of data
Ramachandra.cpp(34): warning C4244: 'argument' : conversion from 'unsigned int' to 'float', possible loss of data
Ramachandra.cpp(34): warning C4244: 'argument' : conversion from 'unsigned int' to 'float', possible loss of data
Ramachandra.cpp(36): warning C4244: 'argument' : conversion from 'int' to 'float', possible loss of data
Ramachandra.cpp(36): warning C4244: 'argument' : conversion from 'int' to 'float', possible loss of data
Ramachandra.cpp(63): warning C4244: 'argument' : conversion from 'double' to 'float32', possible loss of data
Ramachandra.cpp(107): warning C4018: '<' : signed/unsigned mismatch
Ramachandra.cpp(114): warning C4554: '^' : check operator precedence for possible error; use parentheses to clarify precedence
Ramachandra.cpp(163): warning C4018: '<' : signed/unsigned mismatch
Ramachandra.cpp(200): warning C4244: 'argument' : conversion from 'int' to 'float', possible loss of data
Ramachandra.cpp(200): warning C4244: 'argument' : conversion from 'int' to 'float', possible loss of data
  Compiling...
  State.cpp
  TextureHolder.cpp
  Generating code
  Finished generating code
  NeuralNet.vcxproj -> C:\Users\Carl\source\repos\LivingNeuralNets\Release\NeuralNet.exe
