C:\USERS\CARL\DOCUMENTS\VISUAL STUDIO 2010\PROJECTS\NEURALNET\DEBUG\EVOLVINGLEARNINGSIMULATION.EXE
C:\USERS\CARL\DOCUMENTS\VISUAL STUDIO 2010\PROJECTS\NEURALNET\DEBUG\EVOLVINGLEARNINGSIMULATION.ILK
C:\USERS\CARL\DOCUMENTS\VISUAL STUDIO 2010\PROJECTS\NEURALNET\DEBUG\EVOLVINGLEARNINGSIMULATION.PDB
C:\USERS\CARL\DOCUMENTS\VISUAL STUDIO 2010\PROJECTS\NEURALNET\NEURALNET\DEBUG\ADJUSTMIDDLEBUTTON.OBJ
C:\USERS\CARL\DOCUMENTS\VISUAL STUDIO 2010\PROJECTS\NEURALNET\NEURALNET\DEBUG\ANIMATION.OBJ
C:\USERS\CARL\DOCUMENTS\VISUAL STUDIO 2010\PROJECTS\NEURALNET\NEURALNET\DEBUG\BUTTON.OBJ
C:\Users\Carl\documents\visual studio 2010\Projects\NeuralNet\NeuralNet\Debug\cl.command.1.tlog
C:\Users\Carl\documents\visual studio 2010\Projects\NeuralNet\NeuralNet\Debug\CL.read.1.tlog
C:\Users\Carl\documents\visual studio 2010\Projects\NeuralNet\NeuralNet\Debug\CL.write.1.tlog
C:\USERS\CARL\DOCUMENTS\VISUAL STUDIO 2010\PROJECTS\NEURALNET\NEURALNET\DEBUG\ENTITY.OBJ
C:\USERS\CARL\DOCUMENTS\VISUAL STUDIO 2010\PROJECTS\NEURALNET\NEURALNET\DEBUG\ENTITYCONTAINER.OBJ
C:\USERS\CARL\DOCUMENTS\VISUAL STUDIO 2010\PROJECTS\NEURALNET\NEURALNET\DEBUG\EVOLVINGLEARNINGSIMULATION.EXE.EMBED.MANIFEST
C:\USERS\CARL\DOCUMENTS\VISUAL STUDIO 2010\PROJECTS\NEURALNET\NEURALNET\DEBUG\EVOLVINGLEARNINGSIMULATION.EXE.EMBED.MANIFEST.RES
C:\USERS\CARL\DOCUMENTS\VISUAL STUDIO 2010\PROJECTS\NEURALNET\NEURALNET\DEBUG\EVOLVINGLEARNINGSIMULATION.EXE.INTERMEDIATE.MANIFEST
C:\Users\Carl\documents\visual studio 2010\Projects\NeuralNet\NeuralNet\Debug\EvolvingLearningSimulation.write.1.tlog
C:\Users\Carl\documents\visual studio 2010\Projects\NeuralNet\NeuralNet\Debug\EvolvingLearningSimulation_manifest.rc
C:\Users\Carl\documents\visual studio 2010\Projects\NeuralNet\NeuralNet\Debug\link.2456.read.1.tlog
C:\Users\Carl\documents\visual studio 2010\Projects\NeuralNet\NeuralNet\Debug\link.2456.read.2.tlog
C:\Users\Carl\documents\visual studio 2010\Projects\NeuralNet\NeuralNet\Debug\link.2456.write.1.tlog
C:\Users\Carl\documents\visual studio 2010\Projects\NeuralNet\NeuralNet\Debug\link.2456-cvtres.read.1.tlog
C:\Users\Carl\documents\visual studio 2010\Projects\NeuralNet\NeuralNet\Debug\link.2456-cvtres.write.1.tlog
C:\Users\Carl\documents\visual studio 2010\Projects\NeuralNet\NeuralNet\Debug\link.2496.read.1.tlog
C:\Users\Carl\documents\visual studio 2010\Projects\NeuralNet\NeuralNet\Debug\link.2496.read.2.tlog
C:\Users\Carl\documents\visual studio 2010\Projects\NeuralNet\NeuralNet\Debug\link.2496.write.1.tlog
C:\Users\Carl\documents\visual studio 2010\Projects\NeuralNet\NeuralNet\Debug\link.2496-cvtres.read.1.tlog
C:\Users\Carl\documents\visual studio 2010\Projects\NeuralNet\NeuralNet\Debug\link.2496-cvtres.write.1.tlog
C:\Users\Carl\documents\visual studio 2010\Projects\NeuralNet\NeuralNet\Debug\link.2560.read.1.tlog
C:\Users\Carl\documents\visual studio 2010\Projects\NeuralNet\NeuralNet\Debug\link.2560.read.2.tlog
C:\Users\Carl\documents\visual studio 2010\Projects\NeuralNet\NeuralNet\Debug\link.2560.write.1.tlog
C:\Users\Carl\documents\visual studio 2010\Projects\NeuralNet\NeuralNet\Debug\link.2560-cvtres.read.1.tlog
C:\Users\Carl\documents\visual studio 2010\Projects\NeuralNet\NeuralNet\Debug\link.2560-cvtres.write.1.tlog
C:\Users\Carl\documents\visual studio 2010\Projects\NeuralNet\NeuralNet\Debug\link.2624.read.1.tlog
C:\Users\Carl\documents\visual studio 2010\Projects\NeuralNet\NeuralNet\Debug\link.2624.read.2.tlog
C:\Users\Carl\documents\visual studio 2010\Projects\NeuralNet\NeuralNet\Debug\link.2624.write.1.tlog
C:\Users\Carl\documents\visual studio 2010\Projects\NeuralNet\NeuralNet\Debug\link.2624-cvtres.read.1.tlog
C:\Users\Carl\documents\visual studio 2010\Projects\NeuralNet\NeuralNet\Debug\link.2624-cvtres.write.1.tlog
C:\Users\Carl\documents\visual studio 2010\Projects\NeuralNet\NeuralNet\Debug\link.3140.read.1.tlog
C:\Users\Carl\documents\visual studio 2010\Projects\NeuralNet\NeuralNet\Debug\link.3140.read.2.tlog
C:\Users\Carl\documents\visual studio 2010\Projects\NeuralNet\NeuralNet\Debug\link.3140.write.1.tlog
C:\Users\Carl\documents\visual studio 2010\Projects\NeuralNet\NeuralNet\Debug\link.3140-cvtres.read.1.tlog
C:\Users\Carl\documents\visual studio 2010\Projects\NeuralNet\NeuralNet\Debug\link.3140-cvtres.write.1.tlog
C:\Users\Carl\documents\visual studio 2010\Projects\NeuralNet\NeuralNet\Debug\link.3200.read.1.tlog
C:\Users\Carl\documents\visual studio 2010\Projects\NeuralNet\NeuralNet\Debug\link.3200.read.2.tlog
C:\Users\Carl\documents\visual studio 2010\Projects\NeuralNet\NeuralNet\Debug\link.3200.write.1.tlog
C:\Users\Carl\documents\visual studio 2010\Projects\NeuralNet\NeuralNet\Debug\link.3200-cvtres.read.1.tlog
C:\Users\Carl\documents\visual studio 2010\Projects\NeuralNet\NeuralNet\Debug\link.3200-cvtres.write.1.tlog
C:\Users\Carl\documents\visual studio 2010\Projects\NeuralNet\NeuralNet\Debug\link.3604.read.1.tlog
C:\Users\Carl\documents\visual studio 2010\Projects\NeuralNet\NeuralNet\Debug\link.3604.read.2.tlog
C:\Users\Carl\documents\visual studio 2010\Projects\NeuralNet\NeuralNet\Debug\link.3604.write.1.tlog
C:\Users\Carl\documents\visual studio 2010\Projects\NeuralNet\NeuralNet\Debug\link.3604-cvtres.read.1.tlog
C:\Users\Carl\documents\visual studio 2010\Projects\NeuralNet\NeuralNet\Debug\link.3604-cvtres.write.1.tlog
C:\Users\Carl\documents\visual studio 2010\Projects\NeuralNet\NeuralNet\Debug\link.3712.read.1.tlog
C:\Users\Carl\documents\visual studio 2010\Projects\NeuralNet\NeuralNet\Debug\link.3712.read.2.tlog
C:\Users\Carl\documents\visual studio 2010\Projects\NeuralNet\NeuralNet\Debug\link.3712.write.1.tlog
C:\Users\Carl\documents\visual studio 2010\Projects\NeuralNet\NeuralNet\Debug\link.3712-cvtres.read.1.tlog
C:\Users\Carl\documents\visual studio 2010\Projects\NeuralNet\NeuralNet\Debug\link.3712-cvtres.write.1.tlog
C:\Users\Carl\documents\visual studio 2010\Projects\NeuralNet\NeuralNet\Debug\link.4200.read.1.tlog
C:\Users\Carl\documents\visual studio 2010\Projects\NeuralNet\NeuralNet\Debug\link.4200.read.2.tlog
C:\Users\Carl\documents\visual studio 2010\Projects\NeuralNet\NeuralNet\Debug\link.4200.write.1.tlog
C:\Users\Carl\documents\visual studio 2010\Projects\NeuralNet\NeuralNet\Debug\link.4200-cvtres.read.1.tlog
C:\Users\Carl\documents\visual studio 2010\Projects\NeuralNet\NeuralNet\Debug\link.4200-cvtres.write.1.tlog
C:\Users\Carl\documents\visual studio 2010\Projects\NeuralNet\NeuralNet\Debug\link.4892.read.1.tlog
C:\Users\Carl\documents\visual studio 2010\Projects\NeuralNet\NeuralNet\Debug\link.4892.read.2.tlog
C:\Users\Carl\documents\visual studio 2010\Projects\NeuralNet\NeuralNet\Debug\link.4892.write.1.tlog
C:\Users\Carl\documents\visual studio 2010\Projects\NeuralNet\NeuralNet\Debug\link.4892-cvtres.read.1.tlog
C:\Users\Carl\documents\visual studio 2010\Projects\NeuralNet\NeuralNet\Debug\link.4892-cvtres.write.1.tlog
C:\Users\Carl\documents\visual studio 2010\Projects\NeuralNet\NeuralNet\Debug\link.5304.read.1.tlog
C:\Users\Carl\documents\visual studio 2010\Projects\NeuralNet\NeuralNet\Debug\link.5304.read.2.tlog
C:\Users\Carl\documents\visual studio 2010\Projects\NeuralNet\NeuralNet\Debug\link.5304.write.1.tlog
C:\Users\Carl\documents\visual studio 2010\Projects\NeuralNet\NeuralNet\Debug\link.5304-cvtres.read.1.tlog
C:\Users\Carl\documents\visual studio 2010\Projects\NeuralNet\NeuralNet\Debug\link.5304-cvtres.write.1.tlog
C:\Users\Carl\documents\visual studio 2010\Projects\NeuralNet\NeuralNet\Debug\link.5580.read.1.tlog
C:\Users\Carl\documents\visual studio 2010\Projects\NeuralNet\NeuralNet\Debug\link.5580.read.2.tlog
C:\Users\Carl\documents\visual studio 2010\Projects\NeuralNet\NeuralNet\Debug\link.5580.write.1.tlog
C:\Users\Carl\documents\visual studio 2010\Projects\NeuralNet\NeuralNet\Debug\link.5580-cvtres.read.1.tlog
C:\Users\Carl\documents\visual studio 2010\Projects\NeuralNet\NeuralNet\Debug\link.5580-cvtres.write.1.tlog
C:\Users\Carl\documents\visual studio 2010\Projects\NeuralNet\NeuralNet\Debug\link.6092.read.1.tlog
C:\Users\Carl\documents\visual studio 2010\Projects\NeuralNet\NeuralNet\Debug\link.6092.read.2.tlog
C:\Users\Carl\documents\visual studio 2010\Projects\NeuralNet\NeuralNet\Debug\link.6092.write.1.tlog
C:\Users\Carl\documents\visual studio 2010\Projects\NeuralNet\NeuralNet\Debug\link.6092-cvtres.read.1.tlog
C:\Users\Carl\documents\visual studio 2010\Projects\NeuralNet\NeuralNet\Debug\link.6092-cvtres.write.1.tlog
C:\Users\Carl\documents\visual studio 2010\Projects\NeuralNet\NeuralNet\Debug\link.6616.read.1.tlog
C:\Users\Carl\documents\visual studio 2010\Projects\NeuralNet\NeuralNet\Debug\link.6616.read.2.tlog
C:\Users\Carl\documents\visual studio 2010\Projects\NeuralNet\NeuralNet\Debug\link.6616.write.1.tlog
C:\Users\Carl\documents\visual studio 2010\Projects\NeuralNet\NeuralNet\Debug\link.6616-cvtres.read.1.tlog
C:\Users\Carl\documents\visual studio 2010\Projects\NeuralNet\NeuralNet\Debug\link.6616-cvtres.write.1.tlog
C:\Users\Carl\documents\visual studio 2010\Projects\NeuralNet\NeuralNet\Debug\link.676.read.1.tlog
C:\Users\Carl\documents\visual studio 2010\Projects\NeuralNet\NeuralNet\Debug\link.676.read.2.tlog
C:\Users\Carl\documents\visual studio 2010\Projects\NeuralNet\NeuralNet\Debug\link.676.write.1.tlog
C:\Users\Carl\documents\visual studio 2010\Projects\NeuralNet\NeuralNet\Debug\link.676-cvtres.read.1.tlog
C:\Users\Carl\documents\visual studio 2010\Projects\NeuralNet\NeuralNet\Debug\link.676-cvtres.write.1.tlog
C:\Users\Carl\documents\visual studio 2010\Projects\NeuralNet\NeuralNet\Debug\link.6808.read.1.tlog
C:\Users\Carl\documents\visual studio 2010\Projects\NeuralNet\NeuralNet\Debug\link.6808.read.2.tlog
C:\Users\Carl\documents\visual studio 2010\Projects\NeuralNet\NeuralNet\Debug\link.6808.write.1.tlog
C:\Users\Carl\documents\visual studio 2010\Projects\NeuralNet\NeuralNet\Debug\link.6808-cvtres.read.1.tlog
C:\Users\Carl\documents\visual studio 2010\Projects\NeuralNet\NeuralNet\Debug\link.6808-cvtres.write.1.tlog
C:\Users\Carl\documents\visual studio 2010\Projects\NeuralNet\NeuralNet\Debug\link.6992.read.1.tlog
C:\Users\Carl\documents\visual studio 2010\Projects\NeuralNet\NeuralNet\Debug\link.6992.read.2.tlog
C:\Users\Carl\documents\visual studio 2010\Projects\NeuralNet\NeuralNet\Debug\link.6992.write.1.tlog
C:\Users\Carl\documents\visual studio 2010\Projects\NeuralNet\NeuralNet\Debug\link.6992-cvtres.read.1.tlog
C:\Users\Carl\documents\visual studio 2010\Projects\NeuralNet\NeuralNet\Debug\link.6992-cvtres.write.1.tlog
C:\Users\Carl\documents\visual studio 2010\Projects\NeuralNet\NeuralNet\Debug\link.7256.read.1.tlog
C:\Users\Carl\documents\visual studio 2010\Projects\NeuralNet\NeuralNet\Debug\link.7256.read.2.tlog
C:\Users\Carl\documents\visual studio 2010\Projects\NeuralNet\NeuralNet\Debug\link.7256.write.1.tlog
C:\Users\Carl\documents\visual studio 2010\Projects\NeuralNet\NeuralNet\Debug\link.7256-cvtres.read.1.tlog
C:\Users\Carl\documents\visual studio 2010\Projects\NeuralNet\NeuralNet\Debug\link.7256-cvtres.write.1.tlog
C:\Users\Carl\documents\visual studio 2010\Projects\NeuralNet\NeuralNet\Debug\link.7568.read.1.tlog
C:\Users\Carl\documents\visual studio 2010\Projects\NeuralNet\NeuralNet\Debug\link.7568.read.2.tlog
C:\Users\Carl\documents\visual studio 2010\Projects\NeuralNet\NeuralNet\Debug\link.7568.write.1.tlog
C:\Users\Carl\documents\visual studio 2010\Projects\NeuralNet\NeuralNet\Debug\link.7568-cvtres.read.1.tlog
C:\Users\Carl\documents\visual studio 2010\Projects\NeuralNet\NeuralNet\Debug\link.7568-cvtres.write.1.tlog
C:\Users\Carl\documents\visual studio 2010\Projects\NeuralNet\NeuralNet\Debug\link.9208.read.1.tlog
C:\Users\Carl\documents\visual studio 2010\Projects\NeuralNet\NeuralNet\Debug\link.9208.read.2.tlog
C:\Users\Carl\documents\visual studio 2010\Projects\NeuralNet\NeuralNet\Debug\link.9208.write.1.tlog
C:\Users\Carl\documents\visual studio 2010\Projects\NeuralNet\NeuralNet\Debug\link.9208-cvtres.read.1.tlog
C:\Users\Carl\documents\visual studio 2010\Projects\NeuralNet\NeuralNet\Debug\link.9208-cvtres.write.1.tlog
C:\Users\Carl\documents\visual studio 2010\Projects\NeuralNet\NeuralNet\Debug\link.948.read.1.tlog
C:\Users\Carl\documents\visual studio 2010\Projects\NeuralNet\NeuralNet\Debug\link.948.read.2.tlog
C:\Users\Carl\documents\visual studio 2010\Projects\NeuralNet\NeuralNet\Debug\link.948.write.1.tlog
C:\Users\Carl\documents\visual studio 2010\Projects\NeuralNet\NeuralNet\Debug\link.948-cvtres.read.1.tlog
C:\Users\Carl\documents\visual studio 2010\Projects\NeuralNet\NeuralNet\Debug\link.948-cvtres.write.1.tlog
C:\Users\Carl\documents\visual studio 2010\Projects\NeuralNet\NeuralNet\Debug\link.command.1.tlog
C:\Users\Carl\documents\visual studio 2010\Projects\NeuralNet\NeuralNet\Debug\link.read.1.tlog
C:\Users\Carl\documents\visual studio 2010\Projects\NeuralNet\NeuralNet\Debug\link.read.2.tlog
C:\Users\Carl\documents\visual studio 2010\Projects\NeuralNet\NeuralNet\Debug\link.write.1.tlog
C:\Users\Carl\documents\visual studio 2010\Projects\NeuralNet\NeuralNet\Debug\link-cvtres.read.1.tlog
C:\Users\Carl\documents\visual studio 2010\Projects\NeuralNet\NeuralNet\Debug\link-cvtres.write.1.tlog
C:\USERS\CARL\DOCUMENTS\VISUAL STUDIO 2010\PROJECTS\NEURALNET\NEURALNET\DEBUG\MAIN.OBJ
C:\USERS\CARL\DOCUMENTS\VISUAL STUDIO 2010\PROJECTS\NEURALNET\NEURALNET\DEBUG\MAINMENU.OBJ
C:\USERS\CARL\DOCUMENTS\VISUAL STUDIO 2010\PROJECTS\NEURALNET\NEURALNET\DEBUG\MAP.OBJ
C:\USERS\CARL\DOCUMENTS\VISUAL STUDIO 2010\PROJECTS\NEURALNET\NEURALNET\DEBUG\MATH.OBJ
C:\USERS\CARL\DOCUMENTS\VISUAL STUDIO 2010\PROJECTS\NEURALNET\NEURALNET\DEBUG\MONSTER.OBJ
C:\Users\Carl\documents\visual studio 2010\Projects\NeuralNet\NeuralNet\Debug\mt.command.1.tlog
C:\Users\Carl\documents\visual studio 2010\Projects\NeuralNet\NeuralNet\Debug\mt.read.1.tlog
C:\Users\Carl\documents\visual studio 2010\Projects\NeuralNet\NeuralNet\Debug\mt.write.1.tlog
C:\Users\Carl\documents\visual studio 2010\Projects\NeuralNet\NeuralNet\Debug\NeuralNet.vcxprojResolveAssemblyReference.cache
C:\USERS\CARL\DOCUMENTS\VISUAL STUDIO 2010\PROJECTS\NEURALNET\NEURALNET\DEBUG\NEURALNETWORK.OBJ
C:\USERS\CARL\DOCUMENTS\VISUAL STUDIO 2010\PROJECTS\NEURALNET\NEURALNET\DEBUG\NEURON.OBJ
C:\USERS\CARL\DOCUMENTS\VISUAL STUDIO 2010\PROJECTS\NEURALNET\NEURALNET\DEBUG\POPULATION.OBJ
C:\USERS\CARL\DOCUMENTS\VISUAL STUDIO 2010\PROJECTS\NEURALNET\NEURALNET\DEBUG\RAMACHANDRA.OBJ
C:\USERS\CARL\DOCUMENTS\VISUAL STUDIO 2010\PROJECTS\NEURALNET\NEURALNET\DEBUG\RAMACHANDRAPOPULATION.OBJ
C:\Users\Carl\documents\visual studio 2010\Projects\NeuralNet\NeuralNet\Debug\rc.command.1.tlog
C:\Users\Carl\documents\visual studio 2010\Projects\NeuralNet\NeuralNet\Debug\rc.read.1.tlog
C:\Users\Carl\documents\visual studio 2010\Projects\NeuralNet\NeuralNet\Debug\rc.write.1.tlog
C:\USERS\CARL\DOCUMENTS\VISUAL STUDIO 2010\PROJECTS\NEURALNET\NEURALNET\DEBUG\SIGHT.OBJ
C:\USERS\CARL\DOCUMENTS\VISUAL STUDIO 2010\PROJECTS\NEURALNET\NEURALNET\DEBUG\SIMULATION.OBJ
C:\USERS\CARL\DOCUMENTS\VISUAL STUDIO 2010\PROJECTS\NEURALNET\NEURALNET\DEBUG\STATE.OBJ
C:\USERS\CARL\DOCUMENTS\VISUAL STUDIO 2010\PROJECTS\NEURALNET\NEURALNET\DEBUG\TEXTUREHOLDER.OBJ
C:\Users\Carl\documents\visual studio 2010\Projects\NeuralNet\NeuralNet\Debug\vc100.idb
C:\USERS\CARL\DOCUMENTS\VISUAL STUDIO 2010\PROJECTS\NEURALNET\NEURALNET\DEBUG\VC100.PDB
