Build started 7/1/2017 6:35:24 PM.
     1>Project "C:\Users\Carl\documents\visual studio 2010\Projects\NeuralNet\NeuralNet\NeuralNet.vcxproj" on node 2 (build target(s)).
     1>InitializeBuildStatus:
         Creating "Debug\EvolvingLearningSimulation.unsuccessfulbuild" because "AlwaysCreate" was specified.
       ClCompile:
         c:\Program Files (x86)\Microsoft Visual Studio 10.0\VC\bin\CL.exe /c /I"C:\Users\Carl\Desktop\MS Visual SFML-2.0\include" /I./ /ZI /nologo /W3 /WX- /Od /Oy- /D SFML_STATIC /D WIN32 /Gm /EHsc /RTC1 /MDd /GS /fp:precise /Zc:wchar_t /Zc:forScope /Fo"Debug\\" /Fd"Debug\vc100.pdb" /Gd /TP /analyze- /errorReport:prompt Ramachandra.cpp
         Ramachandra.cpp
     1>c:\users\carl\documents\visual studio 2010\projects\neuralnet\neuralnet\coordinatemanager.hpp(6): warning C4244: 'return' : conversion from 'double' to 'float', possible loss of data
     1>c:\users\carl\documents\visual studio 2010\projects\neuralnet\neuralnet\coordinatemanager.hpp(7): warning C4244: 'return' : conversion from 'double' to 'float', possible loss of data
     1>c:\users\carl\documents\visual studio 2010\projects\neuralnet\neuralnet\monster.hpp(16): warning C4305: 'initializing' : truncation from 'double' to 'const float'
     1>c:\users\carl\documents\visual studio 2010\projects\neuralnet\neuralnet\monster.hpp(17): warning C4305: 'initializing' : truncation from 'double' to 'const float'
     1>c:\users\carl\documents\visual studio 2010\projects\neuralnet\neuralnet\ramachandra.cpp(14): warning C4244: 'argument' : conversion from 'unsigned int' to 'float', possible loss of data
     1>c:\users\carl\documents\visual studio 2010\projects\neuralnet\neuralnet\ramachandra.cpp(14): warning C4244: 'argument' : conversion from 'unsigned int' to 'float', possible loss of data
     1>c:\users\carl\documents\visual studio 2010\projects\neuralnet\neuralnet\ramachandra.cpp(32): warning C4244: 'argument' : conversion from 'int' to 'float', possible loss of data
     1>c:\users\carl\documents\visual studio 2010\projects\neuralnet\neuralnet\ramachandra.cpp(32): warning C4244: 'argument' : conversion from 'int' to 'float', possible loss of data
     1>c:\users\carl\documents\visual studio 2010\projects\neuralnet\neuralnet\ramachandra.cpp(34): warning C4244: 'argument' : conversion from 'unsigned int' to 'float', possible loss of data
     1>c:\users\carl\documents\visual studio 2010\projects\neuralnet\neuralnet\ramachandra.cpp(34): warning C4244: 'argument' : conversion from 'unsigned int' to 'float', possible loss of data
     1>c:\users\carl\documents\visual studio 2010\projects\neuralnet\neuralnet\ramachandra.cpp(36): warning C4244: 'argument' : conversion from 'int' to 'float', possible loss of data
     1>c:\users\carl\documents\visual studio 2010\projects\neuralnet\neuralnet\ramachandra.cpp(36): warning C4244: 'argument' : conversion from 'int' to 'float', possible loss of data
     1>c:\users\carl\documents\visual studio 2010\projects\neuralnet\neuralnet\ramachandra.cpp(63): warning C4244: 'argument' : conversion from 'double' to 'float32', possible loss of data
     1>c:\users\carl\documents\visual studio 2010\projects\neuralnet\neuralnet\ramachandra.cpp(107): warning C4018: '<' : signed/unsigned mismatch
     1>c:\users\carl\documents\visual studio 2010\projects\neuralnet\neuralnet\ramachandra.cpp(114): warning C4554: '^' : check operator precedence for possible error; use parentheses to clarify precedence
     1>c:\users\carl\documents\visual studio 2010\projects\neuralnet\neuralnet\ramachandra.cpp(163): warning C4018: '<' : signed/unsigned mismatch
     1>c:\users\carl\documents\visual studio 2010\projects\neuralnet\neuralnet\ramachandra.cpp(200): warning C4244: 'argument' : conversion from 'int' to 'float', possible loss of data
     1>c:\users\carl\documents\visual studio 2010\projects\neuralnet\neuralnet\ramachandra.cpp(200): warning C4244: 'argument' : conversion from 'int' to 'float', possible loss of data
       ManifestResourceCompile:
         All outputs are up-to-date.
       Link:
         c:\Program Files (x86)\Microsoft Visual Studio 10.0\VC\bin\link.exe /ERRORREPORT:PROMPT /OUT:"C:\Users\Carl\documents\visual studio 2010\Projects\NeuralNet\Debug\EvolvingLearningSimulation.exe" /INCREMENTAL /NOLOGO /LIBPATH:"C:\Users\Carl\Desktop\MS Visual SFML-2.0\lib" /LIBPATH:"./Box2dLib-Debug" "sfml-audio-s-d.lib" "sfml-graphics-s-d.lib" "sfml-main-d.lib" "sfml-network-s-d.lib" "sfml-system-s-d.lib" "sfml-window-s-d.lib" Box2D.lib kernel32.lib user32.lib gdi32.lib winspool.lib comdlg32.lib advapi32.lib shell32.lib ole32.lib oleaut32.lib uuid.lib odbc32.lib odbccp32.lib /MANIFEST /ManifestFile:"Debug\EvolvingLearningSimulation.exe.intermediate.manifest" /MANIFESTUAC:"level='asInvoker' uiAccess='false'" /DEBUG /PDB:"C:\Users\Carl\documents\visual studio 2010\Projects\NeuralNet\Debug\EvolvingLearningSimulation.pdb" /SUBSYSTEM:CONSOLE /TLBID:1 /DYNAMICBASE /NXCOMPAT /IMPLIB:"C:\Users\Carl\documents\visual studio 2010\Projects\NeuralNet\Debug\EvolvingLearningSimulation.lib" /MACHINE:X86 Debug\EvolvingLearningSimulation.exe.embed.manifest.res
         Debug\AdjustMiddleButton.obj
         Debug\Animation.obj
         Debug\Button.obj
         Debug\Entity.obj
         Debug\EntityContainer.obj
         Debug\Kelp.obj
         Debug\Math.obj
         Debug\NeuralNetwork.obj
         Debug\Neuron.obj
         Debug\Population.obj
         Debug\Plant.obj
         Debug\PlantContainer.obj
         Debug\RamachandraPopulation.obj
         Debug\Sight.obj
         Debug\Simulation.obj
         Debug\main.obj
         Debug\MainMenu.obj
         Debug\Map.obj
         Debug\Monster.obj
         Debug\Ramachandra.obj
         Debug\State.obj
         Debug\TextureHolder.obj
       Manifest:
         C:\Program Files (x86)\Microsoft SDKs\Windows\v7.0A\bin\mt.exe /nologo /verbose /out:"Debug\EvolvingLearningSimulation.exe.embed.manifest" /manifest Debug\EvolvingLearningSimulation.exe.intermediate.manifest
         All outputs are up-to-date.
       LinkEmbedManifest:
         All outputs are up-to-date.
         NeuralNet.vcxproj -> C:\Users\Carl\documents\visual studio 2010\Projects\NeuralNet\Debug\EvolvingLearningSimulation.exe
       FinalizeBuildStatus:
         Deleting file "Debug\EvolvingLearningSimulation.unsuccessfulbuild".
         Touching "Debug\EvolvingLearningSimulation.lastbuildstate".
     1>Done Building Project "C:\Users\Carl\documents\visual studio 2010\Projects\NeuralNet\NeuralNet\NeuralNet.vcxproj" (build target(s)).

Build succeeded.

Time Elapsed 00:00:02.73
